Analysis & Synthesis report for moj_procesor
Sun Jun 20 21:19:11 2021
Quartus II 64-Bit Version 13.0.0 Build 156 04/24/2013 SJ Web Edition


---------------------
; Table of Contents ;
---------------------
  1. Legal Notice
  2. Analysis & Synthesis Summary
  3. Analysis & Synthesis Settings
  4. Parallel Compilation
  5. Analysis & Synthesis Source Files Read
  6. Analysis & Synthesis Resource Usage Summary
  7. Analysis & Synthesis Resource Utilization by Entity
  8. General Register Statistics
  9. Parameter Settings for User Entity Instance: Top-level Entity: |moj_procesor
 10. Parameter Settings for User Entity Instance: programski_brojac:programski_brojac
 11. Parameter Settings for User Entity Instance: rom:rom_memorija
 12. Parameter Settings for User Entity Instance: stack:stack
 13. Parameter Settings for User Entity Instance: I_R:I_R
 14. Parameter Settings for User Entity Instance: u_jed:u_jed
 15. Parameter Settings for User Entity Instance: RAM_Rn_Ak:RAM_Rn_Ak
 16. Port Connectivity Checks: "RAM_Rn_Ak:RAM_Rn_Ak"
 17. Elapsed Time Per Partition
 18. Analysis & Synthesis Messages



----------------
; Legal Notice ;
----------------
Copyright (C) 1991-2013 Altera Corporation
Your use of Altera Corporation's design tools, logic functions 
and other software and tools, and its AMPP partner logic 
functions, and any output files from any of the foregoing 
(including device programming or simulation files), and any 
associated documentation or information are expressly subject 
to the terms and conditions of the Altera Program License 
Subscription Agreement, Altera MegaCore Function License 
Agreement, or other applicable license agreement, including, 
without limitation, that your use is for the sole purpose of 
programming logic devices manufactured by Altera and sold by 
Altera or its authorized distributors.  Please refer to the 
applicable agreement for further details.



+---------------------------------------------------------------------------------+
; Analysis & Synthesis Summary                                                    ;
+------------------------------------+--------------------------------------------+
; Analysis & Synthesis Status        ; Successful - Sun Jun 20 21:19:11 2021      ;
; Quartus II 64-Bit Version          ; 13.0.0 Build 156 04/24/2013 SJ Web Edition ;
; Revision Name                      ; moj_procesor                               ;
; Top-level Entity Name              ; moj_procesor                               ;
; Family                             ; Cyclone IV GX                              ;
; Total logic elements               ; 0                                          ;
;     Total combinational functions  ; 0                                          ;
;     Dedicated logic registers      ; 0                                          ;
; Total registers                    ; 0                                          ;
; Total pins                         ; 2                                          ;
; Total virtual pins                 ; 0                                          ;
; Total memory bits                  ; 0                                          ;
; Embedded Multiplier 9-bit elements ; 0                                          ;
; Total GXB Receiver Channel PCS     ; 0                                          ;
; Total GXB Receiver Channel PMA     ; 0                                          ;
; Total GXB Transmitter Channel PCS  ; 0                                          ;
; Total GXB Transmitter Channel PMA  ; 0                                          ;
; Total PLLs                         ; 0                                          ;
+------------------------------------+--------------------------------------------+


+----------------------------------------------------------------------------------------------------------------------+
; Analysis & Synthesis Settings                                                                                        ;
+----------------------------------------------------------------------------+--------------------+--------------------+
; Option                                                                     ; Setting            ; Default Value      ;
+----------------------------------------------------------------------------+--------------------+--------------------+
; Top-level entity name                                                      ; moj_procesor       ; moj_procesor       ;
; Family name                                                                ; Cyclone IV GX      ; Cyclone IV GX      ;
; Use smart compilation                                                      ; Off                ; Off                ;
; Enable parallel Assembler and TimeQuest Timing Analyzer during compilation ; On                 ; On                 ;
; Enable compact report table                                                ; Off                ; Off                ;
; Restructure Multiplexers                                                   ; Auto               ; Auto               ;
; Create Debugging Nodes for IP Cores                                        ; Off                ; Off                ;
; Preserve fewer node names                                                  ; On                 ; On                 ;
; Disable OpenCore Plus hardware evaluation                                  ; Off                ; Off                ;
; Verilog Version                                                            ; Verilog_2001       ; Verilog_2001       ;
; VHDL Version                                                               ; VHDL_1993          ; VHDL_1993          ;
; State Machine Processing                                                   ; Auto               ; Auto               ;
; Safe State Machine                                                         ; Off                ; Off                ;
; Extract Verilog State Machines                                             ; On                 ; On                 ;
; Extract VHDL State Machines                                                ; On                 ; On                 ;
; Ignore Verilog initial constructs                                          ; Off                ; Off                ;
; Iteration limit for constant Verilog loops                                 ; 5000               ; 5000               ;
; Iteration limit for non-constant Verilog loops                             ; 250                ; 250                ;
; Add Pass-Through Logic to Inferred RAMs                                    ; On                 ; On                 ;
; Infer RAMs from Raw Logic                                                  ; On                 ; On                 ;
; Parallel Synthesis                                                         ; On                 ; On                 ;
; DSP Block Balancing                                                        ; Auto               ; Auto               ;
; NOT Gate Push-Back                                                         ; On                 ; On                 ;
; Power-Up Don't Care                                                        ; On                 ; On                 ;
; Remove Redundant Logic Cells                                               ; Off                ; Off                ;
; Remove Duplicate Registers                                                 ; On                 ; On                 ;
; Ignore CARRY Buffers                                                       ; Off                ; Off                ;
; Ignore CASCADE Buffers                                                     ; Off                ; Off                ;
; Ignore GLOBAL Buffers                                                      ; Off                ; Off                ;
; Ignore ROW GLOBAL Buffers                                                  ; Off                ; Off                ;
; Ignore LCELL Buffers                                                       ; Off                ; Off                ;
; Ignore SOFT Buffers                                                        ; On                 ; On                 ;
; Limit AHDL Integers to 32 Bits                                             ; Off                ; Off                ;
; Optimization Technique                                                     ; Balanced           ; Balanced           ;
; Carry Chain Length                                                         ; 70                 ; 70                 ;
; Auto Carry Chains                                                          ; On                 ; On                 ;
; Auto Open-Drain Pins                                                       ; On                 ; On                 ;
; Perform WYSIWYG Primitive Resynthesis                                      ; Off                ; Off                ;
; Auto ROM Replacement                                                       ; On                 ; On                 ;
; Auto RAM Replacement                                                       ; On                 ; On                 ;
; Auto DSP Block Replacement                                                 ; On                 ; On                 ;
; Auto Shift Register Replacement                                            ; Auto               ; Auto               ;
; Allow Shift Register Merging across Hierarchies                            ; Auto               ; Auto               ;
; Auto Clock Enable Replacement                                              ; On                 ; On                 ;
; Strict RAM Replacement                                                     ; Off                ; Off                ;
; Allow Synchronous Control Signals                                          ; On                 ; On                 ;
; Force Use of Synchronous Clear Signals                                     ; Off                ; Off                ;
; Auto RAM Block Balancing                                                   ; On                 ; On                 ;
; Auto RAM to Logic Cell Conversion                                          ; Off                ; Off                ;
; Auto Resource Sharing                                                      ; Off                ; Off                ;
; Allow Any RAM Size For Recognition                                         ; Off                ; Off                ;
; Allow Any ROM Size For Recognition                                         ; Off                ; Off                ;
; Allow Any Shift Register Size For Recognition                              ; Off                ; Off                ;
; Use LogicLock Constraints during Resource Balancing                        ; On                 ; On                 ;
; Ignore translate_off and synthesis_off directives                          ; Off                ; Off                ;
; Timing-Driven Synthesis                                                    ; On                 ; On                 ;
; Report Parameter Settings                                                  ; On                 ; On                 ;
; Report Source Assignments                                                  ; On                 ; On                 ;
; Report Connectivity Checks                                                 ; On                 ; On                 ;
; Ignore Maximum Fan-Out Assignments                                         ; Off                ; Off                ;
; Synchronization Register Chain Length                                      ; 2                  ; 2                  ;
; PowerPlay Power Optimization                                               ; Normal compilation ; Normal compilation ;
; HDL message level                                                          ; Level2             ; Level2             ;
; Suppress Register Optimization Related Messages                            ; Off                ; Off                ;
; Number of Removed Registers Reported in Synthesis Report                   ; 5000               ; 5000               ;
; Number of Swept Nodes Reported in Synthesis Report                         ; 5000               ; 5000               ;
; Number of Inverted Registers Reported in Synthesis Report                  ; 100                ; 100                ;
; Clock MUX Protection                                                       ; On                 ; On                 ;
; Auto Gated Clock Conversion                                                ; Off                ; Off                ;
; Block Design Naming                                                        ; Auto               ; Auto               ;
; SDC constraint protection                                                  ; Off                ; Off                ;
; Synthesis Effort                                                           ; Auto               ; Auto               ;
; Shift Register Replacement - Allow Asynchronous Clear Signal               ; On                 ; On                 ;
; Pre-Mapping Resynthesis Optimization                                       ; Off                ; Off                ;
; Analysis & Synthesis Message Level                                         ; Medium             ; Medium             ;
; Disable Register Merging Across Hierarchies                                ; Auto               ; Auto               ;
; Resource Aware Inference For Block RAM                                     ; On                 ; On                 ;
; Synthesis Seed                                                             ; 1                  ; 1                  ;
+----------------------------------------------------------------------------+--------------------+--------------------+


Parallel compilation was disabled, but you have multiple processors available. Enable parallel compilation to reduce compilation time.
+-------------------------------------+
; Parallel Compilation                ;
+----------------------------+--------+
; Processors                 ; Number ;
+----------------------------+--------+
; Number detected on machine ; 4      ;
; Maximum allowed            ; 1      ;
+----------------------------+--------+


+-------------------------------------------------------------------------------------------------------------------------------------+
; Analysis & Synthesis Source Files Read                                                                                              ;
+----------------------------------+-----------------+-----------------+----------------------------------------------------+---------+
; File Name with User-Entered Path ; Used in Netlist ; File Type       ; File Name with Absolute Path                       ; Library ;
+----------------------------------+-----------------+-----------------+----------------------------------------------------+---------+
; programski_brojac.vhd            ; yes             ; User VHDL File  ; C:/Users/sadzi/Desktop/LAB11/programski_brojac.vhd ;         ;
; moj_procesor.vhd                 ; yes             ; User VHDL File  ; C:/Users/sadzi/Desktop/LAB11/moj_procesor.vhd      ;         ;
; rom.vhd                          ; yes             ; User VHDL File  ; C:/Users/sadzi/Desktop/LAB11/rom.vhd               ;         ;
; stack.vhd                        ; yes             ; User VHDL File  ; C:/Users/sadzi/Desktop/LAB11/stack.vhd             ;         ;
; registar_stanja.vhd              ; yes             ; User VHDL File  ; C:/Users/sadzi/Desktop/LAB11/registar_stanja.vhd   ;         ;
; I_R.vhd                          ; yes             ; User VHDL File  ; C:/Users/sadzi/Desktop/LAB11/I_R.vhd               ;         ;
; u_jed.vhd                        ; yes             ; User VHDL File  ; C:/Users/sadzi/Desktop/LAB11/u_jed.vhd             ;         ;
; RAM_Rn_Ak.vhd                    ; yes             ; User VHDL File  ; C:/Users/sadzi/Desktop/LAB11/RAM_Rn_Ak.vhd         ;         ;
; alu.vhd                          ; yes             ; User VHDL File  ; C:/Users/sadzi/Desktop/LAB11/alu.vhd               ;         ;
+----------------------------------+-----------------+-----------------+----------------------------------------------------+---------+


+---------------------------------------------+
; Analysis & Synthesis Resource Usage Summary ;
+--------------------------+------------------+
; Resource                 ; Usage            ;
+--------------------------+------------------+
; I/O pins                 ; 2                ;
; DSP block 9-bit elements ; 0                ;
; Maximum fan-out node     ; clk              ;
; Maximum fan-out          ; 1                ;
; Total fan-out            ; 2                ;
; Average fan-out          ; 0.50             ;
+--------------------------+------------------+


+-----------------------------------------------------------------------------------------------------------------------------------------------------------------------------------------+
; Analysis & Synthesis Resource Utilization by Entity                                                                                                                                     ;
+----------------------------+-------------------+--------------+-------------+--------------+---------+-----------+-----------+------+--------------+---------------------+--------------+
; Compilation Hierarchy Node ; LC Combinationals ; LC Registers ; Memory Bits ; DSP Elements ; DSP 9x9 ; DSP 18x18 ; DSP 36x36 ; Pins ; Virtual Pins ; Full Hierarchy Name ; Library Name ;
+----------------------------+-------------------+--------------+-------------+--------------+---------+-----------+-----------+------+--------------+---------------------+--------------+
; |moj_procesor              ; 0 (0)             ; 0 (0)        ; 0           ; 0            ; 0       ; 0         ; 0         ; 2    ; 0            ; |moj_procesor       ;              ;
+----------------------------+-------------------+--------------+-------------+--------------+---------+-----------+-----------+------+--------------+---------------------+--------------+
Note: For table entries with two numbers listed, the numbers in parentheses indicate the number of resources of the given type used by the specific entity alone. The numbers listed outside of parentheses indicate the total resources of the given type used by the specific entity and all of its sub-entities in the hierarchy.


+------------------------------------------------------+
; General Register Statistics                          ;
+----------------------------------------------+-------+
; Statistic                                    ; Value ;
+----------------------------------------------+-------+
; Total registers                              ; 0     ;
; Number of registers using Synchronous Clear  ; 0     ;
; Number of registers using Synchronous Load   ; 0     ;
; Number of registers using Asynchronous Clear ; 0     ;
; Number of registers using Asynchronous Load  ; 0     ;
; Number of registers using Clock Enable       ; 0     ;
; Number of registers using Preset             ; 0     ;
+----------------------------------------------+-------+


+------------------------------------------------------------------------------+
; Parameter Settings for User Entity Instance: Top-level Entity: |moj_procesor ;
+----------------+-------+-----------------------------------------------------+
; Parameter Name ; Value ; Type                                                ;
+----------------+-------+-----------------------------------------------------+
; adr_bit        ; 4     ; Signed Integer                                      ;
; duzina         ; 11    ; Signed Integer                                      ;
+----------------+-------+-----------------------------------------------------+
Note: In order to hide this table in the UI and the text report file, please set the "Show Parameter Settings in Synthesis Report" option in "Analysis and Synthesis Settings -> More Settings" to "Off".


+----------------------------------------------------------------------------------+
; Parameter Settings for User Entity Instance: programski_brojac:programski_brojac ;
+----------------+-------+---------------------------------------------------------+
; Parameter Name ; Value ; Type                                                    ;
+----------------+-------+---------------------------------------------------------+
; n              ; 4     ; Signed Integer                                          ;
+----------------+-------+---------------------------------------------------------+
Note: In order to hide this table in the UI and the text report file, please set the "Show Parameter Settings in Synthesis Report" option in "Analysis and Synthesis Settings -> More Settings" to "Off".


+---------------------------------------------------------------+
; Parameter Settings for User Entity Instance: rom:rom_memorija ;
+----------------+-------+--------------------------------------+
; Parameter Name ; Value ; Type                                 ;
+----------------+-------+--------------------------------------+
; adr_bit        ; 4     ; Signed Integer                       ;
; duzina         ; 11    ; Signed Integer                       ;
+----------------+-------+--------------------------------------+
Note: In order to hide this table in the UI and the text report file, please set the "Show Parameter Settings in Synthesis Report" option in "Analysis and Synthesis Settings -> More Settings" to "Off".


+----------------------------------------------------------+
; Parameter Settings for User Entity Instance: stack:stack ;
+----------------+-------+---------------------------------+
; Parameter Name ; Value ; Type                            ;
+----------------+-------+---------------------------------+
; n              ; 4     ; Signed Integer                  ;
+----------------+-------+---------------------------------+
Note: In order to hide this table in the UI and the text report file, please set the "Show Parameter Settings in Synthesis Report" option in "Analysis and Synthesis Settings -> More Settings" to "Off".


+------------------------------------------------------+
; Parameter Settings for User Entity Instance: I_R:I_R ;
+----------------+-------+-----------------------------+
; Parameter Name ; Value ; Type                        ;
+----------------+-------+-----------------------------+
; b              ; 11    ; Signed Integer              ;
+----------------+-------+-----------------------------+
Note: In order to hide this table in the UI and the text report file, please set the "Show Parameter Settings in Synthesis Report" option in "Analysis and Synthesis Settings -> More Settings" to "Off".


+----------------------------------------------------------+
; Parameter Settings for User Entity Instance: u_jed:u_jed ;
+----------------+-------+---------------------------------+
; Parameter Name ; Value ; Type                            ;
+----------------+-------+---------------------------------+
; n              ; 4     ; Signed Integer                  ;
; b              ; 11    ; Signed Integer                  ;
+----------------+-------+---------------------------------+
Note: In order to hide this table in the UI and the text report file, please set the "Show Parameter Settings in Synthesis Report" option in "Analysis and Synthesis Settings -> More Settings" to "Off".


+------------------------------------------------------------------+
; Parameter Settings for User Entity Instance: RAM_Rn_Ak:RAM_Rn_Ak ;
+----------------+-------+-----------------------------------------+
; Parameter Name ; Value ; Type                                    ;
+----------------+-------+-----------------------------------------+
; n              ; 4     ; Signed Integer                          ;
; m              ; 8     ; Signed Integer                          ;
+----------------+-------+-----------------------------------------+
Note: In order to hide this table in the UI and the text report file, please set the "Show Parameter Settings in Synthesis Report" option in "Analysis and Synthesis Settings -> More Settings" to "Off".


+-----------------------------------------------------------------------------------------------------------------+
; Port Connectivity Checks: "RAM_Rn_Ak:RAM_Rn_Ak"                                                                 ;
+-------+--------+----------+-------------------------------------------------------------------------------------+
; Port  ; Type   ; Severity ; Details                                                                             ;
+-------+--------+----------+-------------------------------------------------------------------------------------+
; izlaz ; Output ; Info     ; Connected to dangling logic. Logic that only feeds a dangling port will be removed. ;
+-------+--------+----------+-------------------------------------------------------------------------------------+


+-------------------------------+
; Elapsed Time Per Partition    ;
+----------------+--------------+
; Partition Name ; Elapsed Time ;
+----------------+--------------+
; Top            ; 00:00:00     ;
+----------------+--------------+


+-------------------------------+
; Analysis & Synthesis Messages ;
+-------------------------------+
Info: *******************************************************************
Info: Running Quartus II 64-Bit Analysis & Synthesis
    Info: Version 13.0.0 Build 156 04/24/2013 SJ Web Edition
    Info: Processing started: Sun Jun 20 21:19:04 2021
Info: Command: quartus_map --read_settings_files=on --write_settings_files=off moj_procesor -c moj_procesor
Warning (20028): Parallel compilation is not licensed and has been disabled
Info (12021): Found 2 design units, including 1 entities, in source file programski_brojac.vhd
    Info (12022): Found design unit 1: programski_brojac-arch
    Info (12023): Found entity 1: programski_brojac
Info (12021): Found 2 design units, including 1 entities, in source file moj_procesor.vhd
    Info (12022): Found design unit 1: moj_procesor-arch
    Info (12023): Found entity 1: moj_procesor
Info (12021): Found 2 design units, including 1 entities, in source file rom.vhd
    Info (12022): Found design unit 1: rom-arch
    Info (12023): Found entity 1: rom
Info (12021): Found 2 design units, including 1 entities, in source file stack.vhd
    Info (12022): Found design unit 1: stack-arch
    Info (12023): Found entity 1: stack
Info (12021): Found 2 design units, including 1 entities, in source file registar_stanja.vhd
    Info (12022): Found design unit 1: registar_stanja-arch
    Info (12023): Found entity 1: registar_stanja
Info (12021): Found 2 design units, including 1 entities, in source file i_r.vhd
    Info (12022): Found design unit 1: I_R-arch
    Info (12023): Found entity 1: I_R
Info (12021): Found 2 design units, including 1 entities, in source file u_jed.vhd
    Info (12022): Found design unit 1: u_jed-arch
    Info (12023): Found entity 1: u_jed
Info (12021): Found 2 design units, including 1 entities, in source file ram_rn_ak.vhd
    Info (12022): Found design unit 1: RAM_Rn_Ak-arch
    Info (12023): Found entity 1: RAM_Rn_Ak
Info (12021): Found 2 design units, including 1 entities, in source file alu.vhd
    Info (12022): Found design unit 1: alu-alu_arch
    Info (12023): Found entity 1: alu
Info (12127): Elaborating entity "moj_procesor" for the top level hierarchy
Warning (10036): Verilog HDL or VHDL warning at moj_procesor.vhd(26): object "izlaz" assigned a value but never read
Info (12128): Elaborating entity "programski_brojac" for hierarchy "programski_brojac:programski_brojac"
Info (12128): Elaborating entity "rom" for hierarchy "rom:rom_memorija"
Info (12128): Elaborating entity "stack" for hierarchy "stack:stack"
Warning (10492): VHDL Process Statement warning at stack.vhd(22): signal "stack_mem" is read inside the Process Statement but isn't in the Process Statement's sensitivity list
Warning (10492): VHDL Process Statement warning at stack.vhd(24): signal "address_in" is read inside the Process Statement but isn't in the Process Statement's sensitivity list
Warning (10492): VHDL Process Statement warning at stack.vhd(26): signal "stack_mem" is read inside the Process Statement but isn't in the Process Statement's sensitivity list
Warning (10492): VHDL Process Statement warning at stack.vhd(28): signal "stack_mem" is read inside the Process Statement but isn't in the Process Statement's sensitivity list
Warning (10631): VHDL Process Statement warning at stack.vhd(18): inferring latch(es) for signal or variable "stack_mem", which holds its previous value in one or more paths through the process
Warning (10631): VHDL Process Statement warning at stack.vhd(18): inferring latch(es) for signal or variable "address_out", which holds its previous value in one or more paths through the process
Info (10041): Inferred latch for "address_out[0]" at stack.vhd(18)
Info (10041): Inferred latch for "address_out[1]" at stack.vhd(18)
Info (10041): Inferred latch for "address_out[2]" at stack.vhd(18)
Info (10041): Inferred latch for "address_out[3]" at stack.vhd(18)
Info (10041): Inferred latch for "stack_mem[3][0]" at stack.vhd(18)
Info (10041): Inferred latch for "stack_mem[3][1]" at stack.vhd(18)
Info (10041): Inferred latch for "stack_mem[3][2]" at stack.vhd(18)
Info (10041): Inferred latch for "stack_mem[3][3]" at stack.vhd(18)
Info (10041): Inferred latch for "stack_mem[2][0]" at stack.vhd(18)
Info (10041): Inferred latch for "stack_mem[2][1]" at stack.vhd(18)
Info (10041): Inferred latch for "stack_mem[2][2]" at stack.vhd(18)
Info (10041): Inferred latch for "stack_mem[2][3]" at stack.vhd(18)
Info (10041): Inferred latch for "stack_mem[1][0]" at stack.vhd(18)
Info (10041): Inferred latch for "stack_mem[1][1]" at stack.vhd(18)
Info (10041): Inferred latch for "stack_mem[1][2]" at stack.vhd(18)
Info (10041): Inferred latch for "stack_mem[1][3]" at stack.vhd(18)
Info (10041): Inferred latch for "stack_mem[0][0]" at stack.vhd(18)
Info (10041): Inferred latch for "stack_mem[0][1]" at stack.vhd(18)
Info (10041): Inferred latch for "stack_mem[0][2]" at stack.vhd(18)
Info (10041): Inferred latch for "stack_mem[0][3]" at stack.vhd(18)
Info (12128): Elaborating entity "I_R" for hierarchy "I_R:I_R"
Info (12128): Elaborating entity "registar_stanja" for hierarchy "registar_stanja:registar_stanja"
Info (12128): Elaborating entity "u_jed" for hierarchy "u_jed:u_jed"
Info (10041): Inferred latch for "adr_ram_dir[0]" at u_jed.vhd(74)
Info (10041): Inferred latch for "adr_ram_dir[1]" at u_jed.vhd(74)
Info (10041): Inferred latch for "adr_ram_dir[2]" at u_jed.vhd(74)
Info (10041): Inferred latch for "adr_ram_dir[3]" at u_jed.vhd(74)
Info (12128): Elaborating entity "RAM_Rn_Ak" for hierarchy "RAM_Rn_Ak:RAM_Rn_Ak"
Warning (10541): VHDL Signal Declaration warning at RAM_Rn_Ak.vhd(9): used implicit default value for signal "izlaz" because signal was never assigned a value or an explicit default value. Use of implicit default value may introduce unintended design optimizations.
Info (12128): Elaborating entity "alu" for hierarchy "alu:alu"
Info (10041): Inferred latch for "akDa[0]" at alu.vhd(36)
Info (10041): Inferred latch for "akDa[1]" at alu.vhd(36)
Info (10041): Inferred latch for "akDa[2]" at alu.vhd(36)
Info (10041): Inferred latch for "akDa[3]" at alu.vhd(36)
Info (10041): Inferred latch for "akDa[4]" at alu.vhd(36)
Info (10041): Inferred latch for "akDa[5]" at alu.vhd(36)
Info (10041): Inferred latch for "akDa[6]" at alu.vhd(36)
Info (10041): Inferred latch for "akDa[7]" at alu.vhd(36)
Info (10041): Inferred latch for "akCa[0]" at alu.vhd(26)
Info (10041): Inferred latch for "akCa[1]" at alu.vhd(26)
Info (10041): Inferred latch for "akCa[2]" at alu.vhd(26)
Info (10041): Inferred latch for "akCa[3]" at alu.vhd(26)
Info (10041): Inferred latch for "akCa[4]" at alu.vhd(26)
Info (10041): Inferred latch for "akCa[5]" at alu.vhd(26)
Info (10041): Inferred latch for "akCa[6]" at alu.vhd(26)
Info (10041): Inferred latch for "akCa[7]" at alu.vhd(26)
Info (16010): Generating hard_block partition "hard_block:auto_generated_inst"
    Info (16011): Adding 0 node(s), including 0 DDIO, 0 PLL, 0 transceiver and 0 LCELL
Warning (21074): Design contains 2 input pin(s) that do not drive logic
    Warning (15610): No output dependent on input pin "clk"
    Warning (15610): No output dependent on input pin "reset"
Info (21057): Implemented 2 device resources after synthesis - the final resource count might be different
    Info (21058): Implemented 2 input pins
    Info (21059): Implemented 0 output pins
Info: Quartus II 64-Bit Analysis & Synthesis was successful. 0 errors, 12 warnings
    Info: Peak virtual memory: 4671 megabytes
    Info: Processing ended: Sun Jun 20 21:19:11 2021
    Info: Elapsed time: 00:00:07
    Info: Total CPU time (on all processors): 00:00:04


